<?xml version="1.0" encoding="UTF-8"?>
<testsuite name="SecretsTest" tests="8" skipped="0" failures="0" errors="0" timestamp="2024-06-10T17:11:55" hostname="AVARI-PC" time="0.147">
  <properties/>
  <testcase name="flip bits in 38_460" classname="SecretsTest" time="0.11"/>
  <testcase name="set bits in 5" classname="SecretsTest" time="0.001"/>
  <testcase name="set bits in 5_652" classname="SecretsTest" time="0.003"/>
  <testcase name="clear bits from 5" classname="SecretsTest" time="0.002"/>
  <testcase name="shift -2_144_333_657 back 3 places" classname="SecretsTest" time="0.001"/>
  <testcase name="flip bits in 5" classname="SecretsTest" time="0.001"/>
  <testcase name="shift 8 back 2 places" classname="SecretsTest" time="0.004"/>
  <testcase name="clear bits from 90" classname="SecretsTest" time="0.002"/>
  <system-out><![CDATA[]]></system-out>
  <system-err><![CDATA[]]></system-err>
</testsuite>
