<?xml version="1.0" encoding="UTF-8"?>
<testsuite name="SecretsTest" tests="1" skipped="0" failures="0" errors="0" timestamp="2024-05-29T23:21:25" hostname="AVARI-PC" time="0.074">
  <properties/>
  <testcase name="shift -2_144_333_657 back 3 places" classname="SecretsTest" time="0.074"/>
  <system-out><![CDATA[]]></system-out>
  <system-err><![CDATA[]]></system-err>
</testsuite>
