<?xml version="1.0" encoding="UTF-8"?>
<testsuite name="SecretsTest" tests="1" skipped="0" failures="0" errors="0" timestamp="2024-05-29T23:26:01" hostname="AVARI-PC" time="0.078">
  <properties/>
  <testcase name="set bits in 5_652" classname="SecretsTest" time="0.078"/>
  <system-out><![CDATA[]]></system-out>
  <system-err><![CDATA[]]></system-err>
</testsuite>
