<?xml version="1.0" encoding="UTF-8"?>
<testsuite name="SecretsTest" tests="1" skipped="0" failures="0" errors="0" timestamp="2024-05-29T23:38:40" hostname="AVARI-PC" time="0.076">
  <properties/>
  <testcase name="clear bits from 90" classname="SecretsTest" time="0.076"/>
  <system-out><![CDATA[]]></system-out>
  <system-err><![CDATA[]]></system-err>
</testsuite>
