<?xml version="1.0" encoding="UTF-8"?>
<testsuite name="SecretsTest" tests="1" skipped="0" failures="0" errors="0" timestamp="2024-05-29T23:27:18" hostname="AVARI-PC" time="0.076">
  <properties/>
  <testcase name="flip bits in 38_460" classname="SecretsTest" time="0.076"/>
  <system-out><![CDATA[]]></system-out>
  <system-err><![CDATA[]]></system-err>
</testsuite>
