<?xml version="1.0" encoding="UTF-8"?>
<testsuite name="FootballMatchReportsTest" tests="1" skipped="0" failures="0" errors="0" timestamp="2024-06-10T18:24:37" hostname="AVARI-PC" time="0.079">
  <properties/>
  <testcase name="The onField method throws IllegalArgumentException for negative shirt number" classname="FootballMatchReportsTest" time="0.079"/>
  <system-out><![CDATA[]]></system-out>
  <system-err><![CDATA[]]></system-err>
</testsuite>
