<?xml version="1.0" encoding="UTF-8"?>
<testsuite name="BirdWatcherTest" tests="1" skipped="0" failures="0" errors="0" timestamp="2024-04-17T22:45:59" hostname="AVARI-PC" time="0.122">
  <properties/>
  <testcase name="The getLastWeek method correctly returns last week's counts" classname="BirdWatcherTest" time="0.122"/>
  <system-out><![CDATA[]]></system-out>
  <system-err><![CDATA[]]></system-err>
</testsuite>
