<?xml version="1.0" encoding="UTF-8"?>
<testsuite name="BirdWatcherTest" tests="1" skipped="0" failures="0" errors="0" timestamp="2024-04-17T23:02:06" hostname="AVARI-PC" time="0.119">
  <properties/>
  <testcase name="The hasDayWithoutBirds method returns true when day had no visits" classname="BirdWatcherTest" time="0.119"/>
  <system-out><![CDATA[]]></system-out>
  <system-err><![CDATA[]]></system-err>
</testsuite>
