<?xml version="1.0" encoding="UTF-8"?>
<testsuite name="AppointmentSchedulerTest" tests="1" skipped="0" failures="0" errors="0" timestamp="2024-05-22T16:04:00" hostname="AVARI-PC" time="0.107">
  <properties/>
  <testcase name="Description on Wednesday morning" classname="AppointmentSchedulerTest" time="0.107"/>
  <system-out><![CDATA[]]></system-out>
  <system-err><![CDATA[]]></system-err>
</testsuite>
