<?xml version="1.0" encoding="UTF-8"?>
<testsuite name="AppointmentSchedulerTest" tests="1" skipped="0" failures="0" errors="0" timestamp="2024-05-22T15:02:35" hostname="AVARI-PC" time="0.112">
  <properties/>
  <testcase name="Scheduling a date" classname="AppointmentSchedulerTest" time="0.112"/>
  <system-out><![CDATA[]]></system-out>
  <system-err><![CDATA[]]></system-err>
</testsuite>
