<?xml version="1.0" encoding="UTF-8"?>
<testsuite name="AppointmentSchedulerTest" tests="1" skipped="0" failures="0" errors="0" timestamp="2024-05-22T15:26:07" hostname="AVARI-PC" time="0.083">
  <properties/>
  <testcase name="Appointment years from now has not passed" classname="AppointmentSchedulerTest" time="0.083"/>
  <system-out><![CDATA[]]></system-out>
  <system-err><![CDATA[]]></system-err>
</testsuite>
