<?xml version="1.0" encoding="UTF-8"?>
<testsuite name="AppointmentSchedulerTest" tests="1" skipped="0" failures="0" errors="0" timestamp="2024-05-22T16:14:16" hostname="AVARI-PC" time="0.082">
  <properties/>
  <testcase name="The anniversary date" classname="AppointmentSchedulerTest" time="0.082"/>
  <system-out><![CDATA[]]></system-out>
  <system-err><![CDATA[]]></system-err>
</testsuite>
