<?xml version="1.0" encoding="UTF-8"?>
<testsuite name="LanguageListTest" tests="1" skipped="0" failures="0" errors="0" timestamp="2024-04-18T23:53:23" hostname="AVARI-PC" time="0.127">
  <properties/>
  <testcase name="The isEmpty method returns true when the list contains no languages" classname="LanguageListTest" time="0.127"/>
  <system-out><![CDATA[]]></system-out>
  <system-err><![CDATA[]]></system-err>
</testsuite>
