<?xml version="1.0" encoding="UTF-8"?>
<testsuite name="LanguageListTest" tests="1" skipped="0" failures="0" errors="0" timestamp="2024-04-18T23:56:00" hostname="AVARI-PC" time="0.074">
  <properties/>
  <testcase name="The isEmpty method returns false after adding a language to the list" classname="LanguageListTest" time="0.074"/>
  <system-out><![CDATA[]]></system-out>
  <system-err><![CDATA[]]></system-err>
</testsuite>
